<?xml version="1.0" encoding="UTF-8"?>
<testsuite xmlns:xsi="http://www.w3.org/2001/XMLSchema-instance" xsi:noNamespaceSchemaLocation="https://maven.apache.org/surefire/maven-surefire-plugin/xsd/surefire-test-report.xsd" version="3.0.2" name="it.springBlog.SpringBlogApplicationTests" time="11.053" tests="1" errors="0" skipped="0" failures="0">
  <properties>
[...]
</properties>
  <testcase name="contextLoads" classname="it.springBlog.SpringBlogApplicationTests" time="0.685">
    <system-out><![CDATA[13:16:17.419 [main] INFO org.springframework.test.context.support.AnnotationConfigContextLoaderUtils -- Could not detect default configuration classes for test class [it.springBlog.SpringBlogApplicationTests]: SpringBlogApplicationTests does not declare any static, non-private, non-final, nested classes annotated with @Configuration.
13:16:17.604 [main] INFO org.springframework.boot.test.context.SpringBootTestContextBootstrapper -- Found @SpringBootConfiguration it.springBlog.SpringBlogApplication for test class it.springBlog.SpringBlogApplicationTests
13:16:17.855 [main] INFO org.springframework.boot.devtools.restart.RestartApplicationListener -- Restart disabled due to context in which it is running

  .   ____          _            __ _ _
 /\\ / ___'_ __ _ _(_)_ __  __ _ \ \ \ \
( ( )\___ | '_ | '_| | '_ \/ _` | \ \ \ \
 \\/  ___)| |_)| | | | | || (_| |  ) ) ) )
  '  |____| .__|_| |_|_| |_\__, | / / / /
 =========|_|==============|___/=/_/_/_/

 :: Spring Boot ::                (v3.4.0)

2025-02-24T13:16:18.787+01:00  INFO 8158 --- [SpringBlog] [           main] i.springBlog.SpringBlogApplicationTests  : Starting SpringBlogApplicationTests using Java 21.0.2 with PID 8158 (started by francesco in /Users/francesco/Desktop/Corso Backend JAVA Developer PT/Progetti personali/SpringBlog/SpringBlog/SpringBlog)
2025-02-24T13:16:18.790+01:00  INFO 8158 --- [SpringBlog] [           main] i.springBlog.SpringBlogApplicationTests  : No active profile set, falling back to 1 default profile: "default"
2025-02-24T13:16:21.306+01:00  INFO 8158 --- [SpringBlog] [           main] .s.d.r.c.RepositoryConfigurationDelegate : Bootstrapping Spring Data JPA repositories in DEFAULT mode.
2025-02-24T13:16:21.410+01:00  INFO 8158 --- [SpringBlog] [           main] .s.d.r.c.RepositoryConfigurationDelegate : Finished Spring Data repository scanning in 92 ms. Found 5 JPA repository interfaces.
2025-02-24T13:16:21.940+01:00  WARN 8158 --- [SpringBlog] [           main] trationDelegate$BeanPostProcessorChecker : Bean 'org.springframework.ws.config.annotation.DelegatingWsConfiguration' of type [org.springframework.ws.config.annotation.DelegatingWsConfiguration$$SpringCGLIB$$0] is not eligible for getting processed by all BeanPostProcessors (for example: not eligible for auto-proxying). The currently created BeanPostProcessor [annotationActionEndpointMapping] is declared through a non-static factory method on that class; consider declaring it as static instead.
2025-02-24T13:16:22.001+01:00  INFO 8158 --- [SpringBlog] [           main] .w.s.a.s.AnnotationActionEndpointMapping : Supporting [WS-Addressing August 2004, WS-Addressing 1.0]
2025-02-24T13:16:22.180+01:00  INFO 8158 --- [SpringBlog] [           main] com.zaxxer.hikari.HikariDataSource       : HikariPool-1 - Starting...
2025-02-24T13:16:22.706+01:00  INFO 8158 --- [SpringBlog] [           main] com.zaxxer.hikari.pool.HikariPool        : HikariPool-1 - Added connection com.mysql.cj.jdbc.ConnectionImpl@3c17bd0b
2025-02-24T13:16:22.708+01:00  INFO 8158 --- [SpringBlog] [           main] com.zaxxer.hikari.HikariDataSource       : HikariPool-1 - Start completed.
2025-02-24T13:16:22.852+01:00  INFO 8158 --- [SpringBlog] [           main] o.hibernate.jpa.internal.util.LogHelper  : HHH000204: Processing PersistenceUnitInfo [name: default]
2025-02-24T13:16:22.920+01:00  INFO 8158 --- [SpringBlog] [           main] org.hibernate.Version                    : HHH000412: Hibernate ORM core version 6.6.2.Final
2025-02-24T13:16:22.981+01:00  INFO 8158 --- [SpringBlog] [           main] o.h.c.internal.RegionFactoryInitiator    : HHH000026: Second-level cache disabled
2025-02-24T13:16:23.390+01:00  INFO 8158 --- [SpringBlog] [           main] o.s.o.j.p.SpringPersistenceUnitInfo      : No LoadTimeWeaver setup: ignoring JPA class transformer
2025-02-24T13:16:23.478+01:00  WARN 8158 --- [SpringBlog] [           main] org.hibernate.orm.deprecation            : HHH90000025: MySQL8Dialect does not need to be specified explicitly using 'hibernate.dialect' (remove the property setting and it will be selected by default)
2025-02-24T13:16:23.479+01:00  WARN 8158 --- [SpringBlog] [           main] org.hibernate.orm.deprecation            : HHH90000026: MySQL8Dialect has been deprecated; use org.hibernate.dialect.MySQLDialect instead
2025-02-24T13:16:23.496+01:00  INFO 8158 --- [SpringBlog] [           main] org.hibernate.orm.connections.pooling    : HHH10001005: Database info:
	Database JDBC URL [Connecting through datasource 'HikariDataSource (HikariPool-1)']
	Database driver: undefined/unknown
	Database version: 8.0
	Autocommit mode: undefined/unknown
	Isolation level: undefined/unknown
	Minimum pool size: undefined/unknown
	Maximum pool size: undefined/unknown
2025-02-24T13:16:24.835+01:00  INFO 8158 --- [SpringBlog] [           main] o.h.e.t.j.p.i.JtaPlatformInitiator       : HHH000489: No JTA platform available (set 'hibernate.transaction.jta.platform' to enable JTA platform integration)
2025-02-24T13:16:25.231+01:00  INFO 8158 --- [SpringBlog] [           main] j.LocalContainerEntityManagerFactoryBean : Initialized JPA EntityManagerFactory for persistence unit 'default'
2025-02-24T13:16:25.628+01:00  INFO 8158 --- [SpringBlog] [           main] o.s.d.j.r.query.QueryEnhancerFactory     : Hibernate is in classpath; If applicable, HQL parser will be used.
2025-02-24T13:16:26.420+01:00  WARN 8158 --- [SpringBlog] [           main] JpaBaseConfiguration$JpaWebConfiguration : spring.jpa.open-in-view is enabled by default. Therefore, database queries may be performed during view rendering. Explicitly configure spring.jpa.open-in-view to disable this warning
2025-02-24T13:16:26.456+01:00  INFO 8158 --- [SpringBlog] [           main] eAuthenticationProviderManagerConfigurer : Global AuthenticationManager configured with AuthenticationProvider bean with name authenticationProvider
2025-02-24T13:16:26.457+01:00  WARN 8158 --- [SpringBlog] [           main] r$InitializeUserDetailsManagerConfigurer : Global AuthenticationManager configured with an AuthenticationProvider bean. UserDetailsService beans will not be used by Spring Security for automatically configuring username/password login. Consider removing the AuthenticationProvider bean. Alternatively, consider using the UserDetailsService in a manually instantiated DaoAuthenticationProvider. If the current configuration is intentional, to turn off this warning, increase the logging level of 'org.springframework.security.config.annotation.authentication.configuration.InitializeUserDetailsBeanManagerConfigurer' to ERROR
2025-02-24T13:16:26.559+01:00  INFO 8158 --- [SpringBlog] [           main] o.s.b.a.w.s.WelcomePageHandlerMapping    : Adding welcome page template: index
profiloPath/Users/francesco/Desktop/Corso Backend JAVA Developer PT/Progetti personali/SpringBlog/SpringBlog/SpringBlog/upload
2025-02-24T13:16:27.489+01:00  INFO 8158 --- [SpringBlog] [           main] i.springBlog.SpringBlogApplicationTests  : Started SpringBlogApplicationTests in 9.649 seconds (process running for 11.317)
]]></system-out>
    <system-err><![CDATA[Mockito is currently self-attaching to enable the inline-mock-maker. This will no longer work in future releases of the JDK. Please add Mockito as an agent to your build what is described in Mockito's documentation: https://javadoc.io/doc/org.mockito/mockito-core/latest/org/mockito/Mockito.html#0.3
WARNING: A Java agent has been loaded dynamically (/Users/francesco/.m2/repository/net/bytebuddy/byte-buddy-agent/1.15.10/byte-buddy-agent-1.15.10.jar)
WARNING: If a serviceability tool is in use, please run with -XX:+EnableDynamicAgentLoading to hide this warning
WARNING: If a serviceability tool is not in use, please run with -Djdk.instrument.traceUsage for more information
WARNING: Dynamic loading of agents will be disallowed by default in a future release
]]></system-err>
  </testcase>
</testsuite>